<?xml version="1.0" encoding="utf-8" standalone="no"?>
<test-results xmlns:xsi="http://www.w3.org/2001/XMLSchema-instance" xsi:noNamespaceSchemaLocation="nunit_schema_2.5.xsd" name="Pester" total="8" errors="0" failures="0" not-run="57" inconclusive="0" ignored="0" skipped="0" invalid="0" date="2024-05-14" time="20:05:38">
  <environment clr-version="4.0.30319.42000" user-domain="EUROPE" cwd="C:\laurentvanacker.com\Azure\Azure Container Registry" platform="Microsoft Windows 11 Enterprise|C:\WINDOWS|\Device\Harddisk0\Partition3" machine-name="LAVANACKW11" nunit-version="2.5.8.0" os-version="10.0.22631" user="lavanack" />
  <culture-info current-culture="en-US" current-uiculture="en-US" />
  <test-suite type="TestFixture" name="Pester" executed="True" result="Success" success="True" time="9.511" asserts="0" description="Pester">
    <results>
      <test-suite type="TestFixture" name="C:\Program Files\WindowsPowerShell\Modules\AutomatedLabTest\5.51.0\tests\00General.tests.ps1" executed="True" result="Success" success="True" time="0.3669" asserts="0" description="C:\Program Files\WindowsPowerShell\Modules\AutomatedLabTest\5.51.0\tests\00General.tests.ps1">
        <results>
          <test-suite type="TestFixture" name="[WSWindowsPowerShell] General" executed="True" result="Success" success="True" time="0.1303" asserts="0" description="[WSWindowsPowerShell] General">
            <results>
              <test-suite type="TestFixture" name="[WSWindowsPowerShell] General.Lab deployment successful" executed="True" result="Success" success="True" time="0.1207" asserts="0" description="[WSWindowsPowerShell] General.Lab deployment successful">
                <results>
                  <test-suite type="ParameterizedTest" name="[WSWindowsPowerShell] General.Lab deployment successful.[&lt;LabName&gt;] Should return the correct amount of machines" executed="True" result="Success" success="True" time="0.1132" asserts="0" description="[&lt;LabName&gt;] Should return the correct amount of machines">
                    <results>
                      <test-case description="[WSWindowsPowerShell] Should return the correct amount of machines" name="[WSWindowsPowerShell] General.Lab deployment successful.[WSWindowsPowerShell] Should return the correct amount of machines" time="0.1132" asserts="0" success="True" result="Success" executed="True" />
                    </results>
                  </test-suite>
                </results>
              </test-suite>
            </results>
          </test-suite>
        </results>
      </test-suite>
      <test-suite type="TestFixture" name="C:\Program Files\WindowsPowerShell\Modules\AutomatedLabTest\5.51.0\tests\CaRoot.tests.ps1" executed="True" result="Success" success="True" time="1.7527" asserts="0" description="C:\Program Files\WindowsPowerShell\Modules\AutomatedLabTest\5.51.0\tests\CaRoot.tests.ps1">
        <results>
          <test-suite type="TestFixture" name="[WSWindowsPowerShell] CaRoot" executed="True" result="Success" success="True" time="1.591" asserts="0" description="[WSWindowsPowerShell] CaRoot">
            <results>
              <test-suite type="TestFixture" name="[WSWindowsPowerShell] CaRoot.Role deployment successful" executed="True" result="Success" success="True" time="1.5818" asserts="0" description="[WSWindowsPowerShell] CaRoot.Role deployment successful">
                <results>
                  <test-case description="[CaRoot] Should return the correct amount of machines" name="[WSWindowsPowerShell] CaRoot.Role deployment successful.[CaRoot] Should return the correct amount of machines" time="0.0524" asserts="0" success="True" result="Success" executed="True" />
                  <test-suite type="ParameterizedTest" name="[WSWindowsPowerShell] CaRoot.Role deployment successful.[DC] should have CertSvc running" executed="True" result="Success" success="True" time="0.4014" asserts="0" description="[DC] should have CertSvc running">
                    <results>
                      <test-case description="[DC] should have CertSvc running" name="[WSWindowsPowerShell] CaRoot.Role deployment successful.[DC] should have CertSvc running(DC)" time="0.4014" asserts="0" success="True" result="Success" executed="True" />
                    </results>
                  </test-suite>
                  <test-suite type="ParameterizedTest" name="[WSWindowsPowerShell] CaRoot.Role deployment successful.[DC] Should be discoverable" executed="True" result="Success" success="True" time="1.1167" asserts="0" description="[DC] Should be discoverable">
                    <results>
                      <test-case description="[DC] Should be discoverable" name="[WSWindowsPowerShell] CaRoot.Role deployment successful.[DC] Should be discoverable(DC)" time="1.1167" asserts="0" success="True" result="Success" executed="True" />
                    </results>
                  </test-suite>
                </results>
              </test-suite>
            </results>
          </test-suite>
        </results>
      </test-suite>
      <test-suite type="TestFixture" name="C:\Program Files\WindowsPowerShell\Modules\AutomatedLabTest\5.51.0\tests\RootDC.tests.ps1" executed="True" result="Success" success="True" time="3.2468" asserts="0" description="C:\Program Files\WindowsPowerShell\Modules\AutomatedLabTest\5.51.0\tests\RootDC.tests.ps1">
        <results>
          <test-suite type="TestFixture" name="[WSWindowsPowerShell] DC Generic" executed="True" result="Success" success="True" time="2.3883" asserts="0" description="[WSWindowsPowerShell] DC Generic">
            <results>
              <test-suite type="TestFixture" name="[WSWindowsPowerShell] DC Generic.Role deployment successful" executed="True" result="Success" success="True" time="2.3811" asserts="0" description="[WSWindowsPowerShell] DC Generic.Role deployment successful">
                <results>
                  <test-case description="[RootDC] Should return the correct amount of machines" name="[WSWindowsPowerShell] DC Generic.Role deployment successful.[RootDC] Should return the correct amount of machines" time="0.0553" asserts="0" success="True" result="Success" executed="True" />
                  <test-suite type="ParameterizedTest" name="[WSWindowsPowerShell] DC Generic.Role deployment successful.DC should have ADWS running" executed="True" result="Success" success="True" time="0.4158" asserts="0" description="DC should have ADWS running">
                    <results>
                      <test-case description="DC should have ADWS running" name="[WSWindowsPowerShell] DC Generic.Role deployment successful.DC should have ADWS running(DC)" time="0.4158" asserts="0" success="True" result="Success" executed="True" />
                    </results>
                  </test-suite>
                  <test-suite type="ParameterizedTest" name="[WSWindowsPowerShell] DC Generic.Role deployment successful.DC should respond to ADWS calls" executed="True" result="Success" success="True" time="1.9026" asserts="0" description="DC should respond to ADWS calls">
                    <results>
                      <test-case description="DC should respond to ADWS calls" name="[WSWindowsPowerShell] DC Generic.Role deployment successful.DC should respond to ADWS calls(DC)" time="1.9026" asserts="0" success="True" result="Success" executed="True" />
                    </results>
                  </test-suite>
                </results>
              </test-suite>
            </results>
          </test-suite>
          <test-suite type="TestFixture" name="[WSWindowsPowerShell] RootDC specific" executed="True" result="Success" success="True" time="3.0341" asserts="0" description="[WSWindowsPowerShell] RootDC specific">
            <results>
              <test-suite type="ParameterizedTest" name="[WSWindowsPowerShell] RootDC specific.DC should hold PDC emulator FSMO role" executed="True" result="Success" success="True" time="0.6394" asserts="0" description="DC should hold PDC emulator FSMO role">
                <results>
                  <test-case description="DC should hold PDC emulator FSMO role" name="[WSWindowsPowerShell] RootDC specific.DC should hold PDC emulator FSMO role(DC)" time="0.6394" asserts="0" success="True" result="Success" executed="True" />
                </results>
              </test-suite>
            </results>
          </test-suite>
        </results>
      </test-suite>
    </results>
  </test-suite>
</test-results>